<?xml version="1.0" encoding="UTF-8"?>
<robot generator="Robot 6.0.1 (Python 3.10.6 on linux)" generated="20221123 17:16:32.711" rpa="false" schemaversion="3">
<suite id="s1" name="Tv Check Extended" source="/home/user/Documents/@projects/robotframework/tv/tv_check_extended.robot">
<test id="s1-t1" name="Configure interface" line="28">
<kw name="Log To Console" library="BuiltIn">
<arg>Configuration of test machine</arg>
<doc>Logs the given message to the console.</doc>
<status status="PASS" starttime="20221123 17:16:32.733" endtime="20221123 17:16:32.734"/>
</kw>
<doc>Trying to obtain IP for the test machine</doc>
<tag>test setup</tag>
<status status="PASS" starttime="20221123 17:16:32.733" endtime="20221123 17:16:32.734"/>
</test>
<test id="s1-t2" name="Identifica a subrede do HG" line="34">
<kw name="Log To Console" library="BuiltIn">
<arg>Identificando interface local e rede do HG</arg>
<doc>Logs the given message to the console.</doc>
<status status="PASS" starttime="20221123 17:16:32.734" endtime="20221123 17:16:32.734"/>
</kw>
<kw name="Run Process" library="Process">
<var>${result}</var>
<arg>ip route | grep default | cut -d" " -f5</arg>
<arg>shell=yes</arg>
<doc>Runs a process and waits for it to complete.</doc>
<msg timestamp="20221123 17:16:32.735" level="INFO">Starting process:
ip route | grep default | cut -d" " -f5</msg>
<msg timestamp="20221123 17:16:32.737" level="INFO">Waiting for process to complete.</msg>
<msg timestamp="20221123 17:16:32.738" level="INFO">Process completed.</msg>
<msg timestamp="20221123 17:16:32.739" level="INFO">${result} = &lt;result object with rc 0&gt;</msg>
<status status="PASS" starttime="20221123 17:16:32.735" endtime="20221123 17:16:32.739"/>
</kw>
<kw name="Log To Console" library="BuiltIn">
<arg>${result.stdout}</arg>
<doc>Logs the given message to the console.</doc>
<status status="PASS" starttime="20221123 17:16:32.739" endtime="20221123 17:16:32.740"/>
</kw>
<kw name="Log" library="BuiltIn">
<arg>${result.stdout}</arg>
<doc>Logs the given message with the given level.</doc>
<msg timestamp="20221123 17:16:32.741" level="INFO">enp0s31f6</msg>
<status status="PASS" starttime="20221123 17:16:32.740" endtime="20221123 17:16:32.741"/>
</kw>
<kw name="Set Suite Variable" library="BuiltIn">
<arg>${ROBOT_IF}</arg>
<arg>{result.stdout}</arg>
<doc>Makes a variable available everywhere within the scope of the current suite.</doc>
<msg timestamp="20221123 17:16:32.741" level="INFO">${ROBOT_IF} = {result.stdout}</msg>
<status status="PASS" starttime="20221123 17:16:32.741" endtime="20221123 17:16:32.741"/>
</kw>
<kw name="Run Process" library="Process">
<var>${result}</var>
<arg>ip route | grep default | cut -d" " -f3</arg>
<arg>shell=yes</arg>
<doc>Runs a process and waits for it to complete.</doc>
<msg timestamp="20221123 17:16:32.742" level="INFO">Starting process:
ip route | grep default | cut -d" " -f3</msg>
<msg timestamp="20221123 17:16:32.744" level="INFO">Waiting for process to complete.</msg>
<msg timestamp="20221123 17:16:32.746" level="INFO">Process completed.</msg>
<msg timestamp="20221123 17:16:32.746" level="INFO">${result} = &lt;result object with rc 0&gt;</msg>
<status status="PASS" starttime="20221123 17:16:32.741" endtime="20221123 17:16:32.746"/>
</kw>
<kw name="Log To Console" library="BuiltIn">
<arg>${result.stdout}</arg>
<doc>Logs the given message to the console.</doc>
<status status="PASS" starttime="20221123 17:16:32.747" endtime="20221123 17:16:32.748"/>
</kw>
<kw name="Log" library="BuiltIn">
<arg>${result.stdout}</arg>
<doc>Logs the given message with the given level.</doc>
<msg timestamp="20221123 17:16:32.749" level="INFO">192.168.25.1</msg>
<status status="PASS" starttime="20221123 17:16:32.748" endtime="20221123 17:16:32.749"/>
</kw>
<kw name="Set Suite Variable" library="BuiltIn">
<arg>${HG_IP}</arg>
<arg>${result.stdout}</arg>
<doc>Makes a variable available everywhere within the scope of the current suite.</doc>
<msg timestamp="20221123 17:16:32.750" level="INFO">${HG_IP} = 192.168.25.1</msg>
<status status="PASS" starttime="20221123 17:16:32.749" endtime="20221123 17:16:32.750"/>
</kw>
<tag>environment info</tag>
<status status="PASS" starttime="20221123 17:16:32.734" endtime="20221123 17:16:32.750"/>
</test>
<test id="s1-t3" name="Verificando a conectividade com o HG - 192.168.25.1" line="51">
<kw name="Log To Console" library="BuiltIn">
<arg>Obtaining HG info</arg>
<doc>Logs the given message to the console.</doc>
<status status="PASS" starttime="20221123 17:16:32.751" endtime="20221123 17:16:32.751"/>
</kw>
<kw name="Run Process" library="Process">
<var>${result}</var>
<arg>ping</arg>
<arg>${HG_IP}</arg>
<arg>-c</arg>
<arg>2</arg>
<arg>-W</arg>
<arg>2</arg>
<doc>Runs a process and waits for it to complete.</doc>
<msg timestamp="20221123 17:16:32.752" level="INFO">Starting process:
ping 192.168.25.1 -c 2 -W 2</msg>
<msg timestamp="20221123 17:16:32.754" level="INFO">Waiting for process to complete.</msg>
<msg timestamp="20221123 17:16:33.770" level="INFO">Process completed.</msg>
<msg timestamp="20221123 17:16:33.771" level="INFO">${result} = &lt;result object with rc 0&gt;</msg>
<status status="PASS" starttime="20221123 17:16:32.751" endtime="20221123 17:16:33.771"/>
</kw>
<kw name="Log" library="BuiltIn">
<arg>${result.stdout}</arg>
<doc>Logs the given message with the given level.</doc>
<msg timestamp="20221123 17:16:33.775" level="INFO">PING 192.168.25.1 (192.168.25.1) 56(84) bytes of data.
64 bytes from 192.168.25.1: icmp_seq=1 ttl=64 time=0.542 ms
64 bytes from 192.168.25.1: icmp_seq=2 ttl=64 time=0.482 ms

--- 192.168.25.1 ping statistics ---
2 packets transmitted, 2 received, 0% packet loss, time 1014ms
rtt min/avg/max/mdev = 0.482/0.512/0.542/0.030 ms</msg>
<status status="PASS" starttime="20221123 17:16:33.772" endtime="20221123 17:16:33.775"/>
</kw>
<kw name="Should Contain" library="BuiltIn">
<arg>${result.stdout}</arg>
<arg>2 received</arg>
<doc>Fails if ``container`` does not contain ``item`` one or more times.</doc>
<status status="PASS" starttime="20221123 17:16:33.775" endtime="20221123 17:16:33.776"/>
</kw>
<tag>environment info</tag>
<status status="PASS" starttime="20221123 17:16:32.751" endtime="20221123 17:16:33.776"/>
</test>
<test id="s1-t4" name="Verificando a conexão com a internet - 8.8.8.8" line="77">
<kw name="Run Process" library="Process">
<var>${result}</var>
<arg>ping</arg>
<arg>8.8.8.8</arg>
<arg>-c</arg>
<arg>2</arg>
<arg>-W</arg>
<arg>2</arg>
<doc>Runs a process and waits for it to complete.</doc>
<msg timestamp="20221123 17:16:33.777" level="INFO">Starting process:
ping 8.8.8.8 -c 2 -W 2</msg>
<msg timestamp="20221123 17:16:33.779" level="INFO">Waiting for process to complete.</msg>
<msg timestamp="20221123 17:16:34.789" level="INFO">Process completed.</msg>
<msg timestamp="20221123 17:16:34.790" level="INFO">${result} = &lt;result object with rc 0&gt;</msg>
<status status="PASS" starttime="20221123 17:16:33.776" endtime="20221123 17:16:34.790"/>
</kw>
<kw name="Log" library="BuiltIn">
<arg>${result.stdout}</arg>
<doc>Logs the given message with the given level.</doc>
<msg timestamp="20221123 17:16:34.794" level="INFO">PING 8.8.8.8 (8.8.8.8) 56(84) bytes of data.
64 bytes from 8.8.8.8: icmp_seq=1 ttl=54 time=8.93 ms
64 bytes from 8.8.8.8: icmp_seq=2 ttl=54 time=8.60 ms

--- 8.8.8.8 ping statistics ---
2 packets transmitted, 2 received, 0% packet loss, time 1000ms
rtt min/avg/max/mdev = 8.598/8.761/8.925/0.163 ms</msg>
<status status="PASS" starttime="20221123 17:16:34.791" endtime="20221123 17:16:34.794"/>
</kw>
<kw name="Should Contain" library="BuiltIn">
<arg>${result.stdout}</arg>
<arg>2 received</arg>
<doc>Fails if ``container`` does not contain ``item`` one or more times.</doc>
<status status="PASS" starttime="20221123 17:16:34.794" endtime="20221123 17:16:34.796"/>
</kw>
<tag>ping</tag>
<status status="PASS" starttime="20221123 17:16:33.776" endtime="20221123 17:16:34.796"/>
</test>
<test id="s1-t5" name="Verificando a conexão com o GW de TV - 10.114.10.129" line="83">
<kw name="Run Process" library="Process">
<var>${result}</var>
<arg>ping</arg>
<arg>${TV_GW}</arg>
<arg>-c</arg>
<arg>2</arg>
<arg>-W</arg>
<arg>2</arg>
<doc>Runs a process and waits for it to complete.</doc>
<msg timestamp="20221123 17:16:34.798" level="INFO">Starting process:
ping 10.114.10.129 -c 2 -W 2</msg>
<msg timestamp="20221123 17:16:34.802" level="INFO">Waiting for process to complete.</msg>
<msg timestamp="20221123 17:16:35.807" level="INFO">Process completed.</msg>
<msg timestamp="20221123 17:16:35.809" level="INFO">${result} = &lt;result object with rc 0&gt;</msg>
<status status="PASS" starttime="20221123 17:16:34.797" endtime="20221123 17:16:35.809"/>
</kw>
<kw name="Log" library="BuiltIn">
<arg>${result.stdout}</arg>
<doc>Logs the given message with the given level.</doc>
<msg timestamp="20221123 17:16:35.812" level="INFO">PING 10.114.10.129 (10.114.10.129) 56(84) bytes of data.
64 bytes from 10.114.10.129: icmp_seq=1 ttl=63 time=1.46 ms
64 bytes from 10.114.10.129: icmp_seq=2 ttl=63 time=1.87 ms

--- 10.114.10.129 ping statistics ---
2 packets transmitted, 2 received, 0% packet loss, time 1002ms
rtt min/avg/max/mdev = 1.463/1.667/1.871/0.204 ms</msg>
<status status="PASS" starttime="20221123 17:16:35.810" endtime="20221123 17:16:35.812"/>
</kw>
<kw name="Should Contain" library="BuiltIn">
<arg>${result.stdout}</arg>
<arg>2 received</arg>
<doc>Fails if ``container`` does not contain ``item`` one or more times.</doc>
<status status="PASS" starttime="20221123 17:16:35.812" endtime="20221123 17:16:35.813"/>
</kw>
<tag>ping</tag>
<status status="PASS" starttime="20221123 17:16:34.797" endtime="20221123 17:16:35.813"/>
</test>
<test id="s1-t6" name="Ping DNS primario de tv - 177.16.30.7" line="89">
<kw name="Run Process" library="Process">
<var>${result}</var>
<arg>ping</arg>
<arg>${TV_DNS_PRI}</arg>
<arg>-c</arg>
<arg>3</arg>
<arg>-W</arg>
<arg>2</arg>
<doc>Runs a process and waits for it to complete.</doc>
<msg timestamp="20221123 17:16:35.814" level="INFO">Starting process:
ping 177.16.30.7 -c 3 -W 2</msg>
<msg timestamp="20221123 17:16:35.816" level="INFO">Waiting for process to complete.</msg>
<status status="FAIL" starttime="20221123 17:16:35.814" endtime="20221123 17:16:37.210"/>
</kw>
<kw name="Log" library="BuiltIn">
<arg>${result.stdout}</arg>
<doc>Logs the given message with the given level.</doc>
<status status="NOT RUN" starttime="20221123 17:16:37.212" endtime="20221123 17:16:37.212"/>
</kw>
<kw name="Should Contain" library="BuiltIn">
<arg>${result.stdout}</arg>
<arg>3 received</arg>
<doc>Fails if ``container`` does not contain ``item`` one or more times.</doc>
<status status="NOT RUN" starttime="20221123 17:16:37.213" endtime="20221123 17:16:37.213"/>
</kw>
<tag>ping</tag>
<status status="FAIL" starttime="20221123 17:16:35.813" endtime="20221123 17:16:37.214">Execution terminated by signal</status>
</test>
<test id="s1-t7" name="Ping DNS secundario de tv - 177.16.30.67" line="95">
<tag>ping</tag>
<tag>robot:exit</tag>
<status status="FAIL" starttime="20221123 17:16:37.216" endtime="20221123 17:16:37.217">Test execution stopped due to a fatal error.</status>
</test>
<test id="s1-t8" name="Resolução FQDN a.ntp.br no DNS do HG" line="101">
<tag>dns</tag>
<tag>robot:exit</tag>
<status status="FAIL" starttime="20221123 17:16:37.218" endtime="20221123 17:16:37.220">Test execution stopped due to a fatal error.</status>
</test>
<test id="s1-t9" name="Resolução FQDN telefonica.com no DNS primário de tv" line="107">
<tag>dns</tag>
<tag>dns primario</tag>
<tag>robot:exit</tag>
<status status="FAIL" starttime="20221123 17:16:37.221" endtime="20221123 17:16:37.222">Test execution stopped due to a fatal error.</status>
</test>
<test id="s1-t10" name="Resolução FQDN canoway-br.cdn.telefonica.com no DNS primário de tv" line="113">
<tag>dns</tag>
<tag>dns primario</tag>
<tag>robot:exit</tag>
<status status="FAIL" starttime="20221123 17:16:37.223" endtime="20221123 17:16:37.225">Test execution stopped due to a fatal error.</status>
</test>
<test id="s1-t11" name="Resolução FQDN b41580.cdn.telefonica.com no DNS primário de tv" line="119">
<tag>dns</tag>
<tag>dns primario</tag>
<tag>robot:exit</tag>
<status status="FAIL" starttime="20221123 17:16:37.226" endtime="20221123 17:16:37.227">Test execution stopped due to a fatal error.</status>
</test>
<test id="s1-t12" name="Resolução FQDN sprd.br.op.gvp.telefonica.com no DNS primário de tv" line="125">
<tag>dns</tag>
<tag>dns primario</tag>
<tag>robot:exit</tag>
<status status="FAIL" starttime="20221123 17:16:37.228" endtime="20221123 17:16:37.229">Test execution stopped due to a fatal error.</status>
</test>
<test id="s1-t13" name="Resolução FQDN naplm.br.op.gvp.telefonica.com no DNS primário de tv" line="131">
<tag>dns</tag>
<tag>dns primario</tag>
<tag>robot:exit</tag>
<status status="FAIL" starttime="20221123 17:16:37.230" endtime="20221123 17:16:37.231">Test execution stopped due to a fatal error.</status>
</test>
<test id="s1-t14" name="Resolução FQDN dhep.br.op.gvp.telefonica.com no DNS primário de tv" line="137">
<tag>dns</tag>
<tag>dns primario</tag>
<tag>robot:exit</tag>
<status status="FAIL" starttime="20221123 17:16:37.232" endtime="20221123 17:16:37.232">Test execution stopped due to a fatal error.</status>
</test>
<test id="s1-t15" name="Resolução FQDN cota-b.cdn.telefonica.com no DNS primário de tv" line="143">
<tag>dns</tag>
<tag>dns primario</tag>
<tag>robot:exit</tag>
<status status="FAIL" starttime="20221123 17:16:37.233" endtime="20221123 17:16:37.233">Test execution stopped due to a fatal error.</status>
</test>
<test id="s1-t16" name="Resolução FQDN spotlight-br.cdn.telefonica.com no DNS primário de tv" line="148">
<tag>dns</tag>
<tag>dns primario</tag>
<tag>robot:exit</tag>
<status status="FAIL" starttime="20221123 17:16:37.234" endtime="20221123 17:16:37.234">Test execution stopped due to a fatal error.</status>
</test>
<test id="s1-t17" name="Resolução FQDN telefonica.com no DNS secundario de tv" line="154">
<tag>dns</tag>
<tag>dns secundario</tag>
<tag>robot:exit</tag>
<status status="FAIL" starttime="20221123 17:16:37.234" endtime="20221123 17:16:37.235">Test execution stopped due to a fatal error.</status>
</test>
<test id="s1-t18" name="Resolução FQDN canoway-br.cdn.telefonica.com no DNS secundario de tv" line="160">
<tag>dns</tag>
<tag>dns secundario</tag>
<tag>robot:exit</tag>
<status status="FAIL" starttime="20221123 17:16:37.235" endtime="20221123 17:16:37.235">Test execution stopped due to a fatal error.</status>
</test>
<test id="s1-t19" name="Resolução FQDN b41580.cdn.telefonica.com no DNS secundario de tv" line="166">
<tag>dns</tag>
<tag>dns secundario</tag>
<tag>robot:exit</tag>
<status status="FAIL" starttime="20221123 17:16:37.235" endtime="20221123 17:16:37.236">Test execution stopped due to a fatal error.</status>
</test>
<test id="s1-t20" name="Resolução FQDN sprd.br.op.gvp.telefonica.com no DNS secundario de tv" line="172">
<tag>dns</tag>
<tag>dns secundario</tag>
<tag>robot:exit</tag>
<status status="FAIL" starttime="20221123 17:16:37.236" endtime="20221123 17:16:37.236">Test execution stopped due to a fatal error.</status>
</test>
<test id="s1-t21" name="Resolução FQDN naplm.br.op.gvp.telefonica.com no DNS secundario de tv" line="178">
<tag>dns</tag>
<tag>dns secundario</tag>
<tag>robot:exit</tag>
<status status="FAIL" starttime="20221123 17:16:37.236" endtime="20221123 17:16:37.237">Test execution stopped due to a fatal error.</status>
</test>
<test id="s1-t22" name="Resolução FQDN dhep.br.op.gvp.telefonica.com no DNS secundario de tv" line="184">
<tag>dns</tag>
<tag>dns secundario</tag>
<tag>robot:exit</tag>
<status status="FAIL" starttime="20221123 17:16:37.237" endtime="20221123 17:16:37.238">Test execution stopped due to a fatal error.</status>
</test>
<test id="s1-t23" name="Resolução FQDN cota-b.cdn.telefonica.com no DNS secundario de tv" line="190">
<tag>dns</tag>
<tag>dns secundario</tag>
<tag>robot:exit</tag>
<status status="FAIL" starttime="20221123 17:16:37.239" endtime="20221123 17:16:37.239">Test execution stopped due to a fatal error.</status>
</test>
<test id="s1-t24" name="Resolução FQDN spotlight-br.cdn.telefonica.com no DNS secundario de tv" line="195">
<tag>dns</tag>
<tag>dns secundario</tag>
<tag>robot:exit</tag>
<status status="FAIL" starttime="20221123 17:16:37.240" endtime="20221123 17:16:37.241">Test execution stopped due to a fatal error.</status>
</test>
<test id="s1-t25" name="Ping para FCC - 177.16.30.252" line="201">
<tag>ping</tag>
<tag>robot:exit</tag>
<status status="FAIL" starttime="20221123 17:16:37.241" endtime="20221123 17:16:37.242">Test execution stopped due to a fatal error.</status>
</test>
<test id="s1-t26" name="Ping para Datahub - 177.16.30.8" line="207">
<tag>ping</tag>
<tag>robot:exit</tag>
<status status="FAIL" starttime="20221123 17:16:37.243" endtime="20221123 17:16:37.243">Test execution stopped due to a fatal error.</status>
</test>
<test id="s1-t27" name="Ping para RTCP Report Collector - 177.16.30.254" line="213">
<tag>robot:exit</tag>
<status status="FAIL" starttime="20221123 17:16:37.244" endtime="20221123 17:16:37.244">Test execution stopped due to a fatal error.</status>
</test>
<test id="s1-t28" name="Ping para spotlight-br.cdn.telefonica.com" line="218">
<tag>ping</tag>
<tag>robot:exit</tag>
<status status="FAIL" starttime="20221123 17:16:37.244" endtime="20221123 17:16:37.245">Test execution stopped due to a fatal error.</status>
</test>
<test id="s1-t29" name="Ping para cota-b.cdn.telefonica.com" line="224">
<tag>ping</tag>
<tag>robot:exit</tag>
<status status="FAIL" starttime="20221123 17:16:37.245" endtime="20221123 17:16:37.245">Test execution stopped due to a fatal error.</status>
</test>
<test id="s1-t30" name="Validate channel - 239.128.1.207" line="242">
<tag>multicast</tag>
<tag>robot:exit</tag>
<status status="FAIL" starttime="20221123 17:16:37.246" endtime="20221123 17:16:37.246">Test execution stopped due to a fatal error.</status>
</test>
<doc>Enickel IPTV Quick Check

TO DO: Grab screenshot from Open Video Channel.

TO DO: Check multicast join in control groups (e.g. OPCH, etc).</doc>
<status status="FAIL" starttime="20221123 17:16:32.712" endtime="20221123 17:16:37.247"/>
</suite>
<statistics>
<total>
<stat pass="5" fail="25" skip="0">All Tests</stat>
</total>
<tag>
<stat pass="5" fail="1" skip="0" info="combined" combined="NOT robot:exit">NOT robot:exit</stat>
<stat pass="0" fail="17" skip="0">dns</stat>
<stat pass="0" fail="8" skip="0">dns primario</stat>
<stat pass="0" fail="8" skip="0">dns secundario</stat>
<stat pass="2" fail="0" skip="0">environment info</stat>
<stat pass="0" fail="1" skip="0">multicast</stat>
<stat pass="2" fail="6" skip="0">ping</stat>
<stat pass="1" fail="0" skip="0">test setup</stat>
</tag>
<suite>
<stat pass="5" fail="25" skip="0" id="s1" name="Tv Check Extended">Tv Check Extended</stat>
</suite>
</statistics>
<errors>
</errors>
</robot>
